<?xml version="1.0" encoding="UTF-8"?>
<!-- Generated by org.testng.reporters.JUnitReportReporter -->
<testsuite hostname="DESKTOP-V2R26TG" failures="0" tests="1" name="testcases.login" time="50.476" errors="0" timestamp="17 Feb 2023 08:28:20 GMT" skipped="0">
  <testcase classname="testcases.login" name="cardcreation" time="50.476"/>
</testsuite> <!-- testcases.login -->
